<?xml version="1.0" encoding="UTF-8"?>
<!-- Generated by org.testng.reporters.JUnitReportReporter -->
<testsuite skipped="0" hostname="DESKTOP-TOPJJ38" name="com.crm.qa.base.TestBase" tests="1" failures="0" timestamp="2020-04-18T20:28:41 PDT" time="11.143" errors="0">
  <testcase name="initlaization" time="11.143" classname="com.crm.qa.base.TestBase"/>
  <system-out/>
</testsuite> <!-- com.crm.qa.base.TestBase -->
